0 info it worked if it ends with ok
1 verbose cli [ 'node', '/usr/local/bin/npm', 'install', 'ngFx', '--save' ]
2 info using npm@1.4.28
3 info using node@v0.10.36
4 warn package.json shortly-angular@0.0.0 No description
5 warn package.json shortly-angular@0.0.0 No repository field.
6 warn package.json shortly-angular@0.0.0 No README data
7 warn package.json karma-mocha@0.1.10 No README data
8 warn package.json karma-phantomjs-launcher@0.1.4 No README data
9 verbose readDependencies using package.json deps
10 verbose cache add [ 'ngFx', null ]
11 verbose cache add name=undefined spec="ngFx" args=["ngFx",null]
12 verbose parsed url { protocol: null,
12 verbose parsed url   slashes: null,
12 verbose parsed url   auth: null,
12 verbose parsed url   host: null,
12 verbose parsed url   port: null,
12 verbose parsed url   hostname: null,
12 verbose parsed url   hash: null,
12 verbose parsed url   search: null,
12 verbose parsed url   query: null,
12 verbose parsed url   pathname: 'ngFx',
12 verbose parsed url   path: 'ngFx',
12 verbose parsed url   href: 'ngFx' }
13 silly lockFile a1cae981-ngFx ngFx
14 verbose lock ngFx /Users/mikemsrk/.npm/a1cae981-ngFx.lock
15 silly lockFile a1cae981-ngFx ngFx
16 silly lockFile a1cae981-ngFx ngFx
17 verbose addNamed [ 'ngFx', '' ]
18 verbose addNamed [ null, '*' ]
19 silly lockFile 1b7bb32f-ngFx ngFx@
20 verbose lock ngFx@ /Users/mikemsrk/.npm/1b7bb32f-ngFx.lock
21 silly addNameRange { name: 'ngFx', range: '*', hasData: false }
22 verbose request where is /ngFx
23 verbose request registry https://registry.npmjs.org/
24 verbose request id 2147b286fd96fce2
25 verbose url raw /ngFx
26 verbose url resolving [ 'https://registry.npmjs.org/', './ngFx' ]
27 verbose url resolved https://registry.npmjs.org/ngFx
28 verbose request where is https://registry.npmjs.org/ngFx
29 info trying registry request attempt 1 at 10:46:43
30 http GET https://registry.npmjs.org/ngFx
31 http 404 https://registry.npmjs.org/ngFx
32 verbose headers { server: 'CouchDB/1.5.0 (Erlang OTP/R16B03)',
32 verbose headers   'content-type': 'application/json',
32 verbose headers   'cache-control': 'max-age=0',
32 verbose headers   'content-length': '51',
32 verbose headers   'accept-ranges': 'bytes',
32 verbose headers   date: 'Sat, 13 Jun 2015 17:46:43 GMT',
32 verbose headers   via: '1.1 varnish',
32 verbose headers   age: '0',
32 verbose headers   connection: 'keep-alive',
32 verbose headers   'x-served-by': 'cache-sjc3130-SJC',
32 verbose headers   'x-cache': 'MISS',
32 verbose headers   'x-cache-hits': '0',
32 verbose headers   'x-timer': 'S1434217603.537775,VS0,VE146' }
33 silly registry.get cb [ 404,
33 silly registry.get   { server: 'CouchDB/1.5.0 (Erlang OTP/R16B03)',
33 silly registry.get     'content-type': 'application/json',
33 silly registry.get     'cache-control': 'max-age=0',
33 silly registry.get     'content-length': '51',
33 silly registry.get     'accept-ranges': 'bytes',
33 silly registry.get     date: 'Sat, 13 Jun 2015 17:46:43 GMT',
33 silly registry.get     via: '1.1 varnish',
33 silly registry.get     age: '0',
33 silly registry.get     connection: 'keep-alive',
33 silly registry.get     'x-served-by': 'cache-sjc3130-SJC',
33 silly registry.get     'x-cache': 'MISS',
33 silly registry.get     'x-cache-hits': '0',
33 silly registry.get     'x-timer': 'S1434217603.537775,VS0,VE146' } ]
34 silly lockFile 1b7bb32f-ngFx ngFx@
35 silly lockFile 1b7bb32f-ngFx ngFx@
36 error 404 404 Not Found: ngFx
36 error 404
36 error 404 'ngFx' is not in the npm registry.
36 error 404 You should bug the author to publish it
36 error 404 It was specified as a dependency of 'shortly-angular'
36 error 404
36 error 404 Note that you can also install from a
36 error 404 tarball, folder, or http url, or git url.
37 error System Darwin 14.3.0
38 error command "node" "/usr/local/bin/npm" "install" "ngFx" "--save"
39 error cwd /Users/mikemsrk/HR/2015-05-shortly-angular
40 error node -v v0.10.36
41 error npm -v 1.4.28
42 error code E404
43 verbose exit [ 1, true ]
